[debug] [2026-07-23T11:16:07.961Z] ----------------------------------------------------------------------
[debug] [2026-07-23T11:16:07.963Z] Command:       /usr/bin/node /home/jayashbhandary/.bun/bin/firebase deploy
[debug] [2026-07-23T11:16:07.963Z] CLI Version:   15.24.0
[debug] [2026-07-23T11:16:07.963Z] Platform:      linux
[debug] [2026-07-23T11:16:07.963Z] Node Version:  v22.23.0
[debug] [2026-07-23T11:16:07.963Z] Detected Agent: unknown
[debug] [2026-07-23T11:16:07.963Z] Time:          Thu Jul 23 2026 16:46:07 GMT+0530 (India Standard Time)
[debug] [2026-07-23T11:16:07.963Z] ----------------------------------------------------------------------
[debug] 
[debug] [2026-07-23T11:16:08.983Z] > command requires scopes: ["email","openid","https://www.googleapis.com/auth/cloudplatformprojects.readonly","https://www.googleapis.com/auth/firebase","https://www.googleapis.com/auth/cloud-platform"]
[debug] [2026-07-23T11:16:08.983Z] > authorizing via signed-in user (findjayash@gmail.com)
[debug] [2026-07-23T11:16:08.983Z] [iam] checking project deskdazzle for permissions ["firebase.projects.get","firebasedatabase.instances.update","firebasehosting.sites.update"]
[debug] [2026-07-23T11:16:08.994Z] Checked if tokens are valid: false, expires at: 1784799494177
[debug] [2026-07-23T11:16:08.994Z] Checked if tokens are valid: false, expires at: 1784799494177
[debug] [2026-07-23T11:16:08.995Z] > refreshing access token with scopes: []
[debug] [2026-07-23T11:16:08.998Z] >>> [apiv2][query] POST https://www.googleapis.com/oauth2/v3/token [none]
[debug] [2026-07-23T11:16:08.998Z] >>> [apiv2][body] POST https://www.googleapis.com/oauth2/v3/token [omitted]
[debug] [2026-07-23T11:16:09.190Z] <<< [apiv2][status] POST https://www.googleapis.com/oauth2/v3/token 200
[debug] [2026-07-23T11:16:09.190Z] <<< [apiv2][body] POST https://www.googleapis.com/oauth2/v3/token [omitted]
[debug] [2026-07-23T11:16:09.200Z] >>> [apiv2][query] POST https://cloudresourcemanager.googleapis.com/v1/projects/deskdazzle:testIamPermissions [none]
[debug] [2026-07-23T11:16:09.201Z] >>> [apiv2][(partial)header] POST https://cloudresourcemanager.googleapis.com/v1/projects/deskdazzle:testIamPermissions  x-goog-user-project=deskdazzle
[debug] [2026-07-23T11:16:09.201Z] >>> [apiv2][body] POST https://cloudresourcemanager.googleapis.com/v1/projects/deskdazzle:testIamPermissions {"permissions":["firebase.projects.get","firebasedatabase.instances.update","firebasehosting.sites.update"]}
[debug] [2026-07-23T11:16:10.501Z] <<< [apiv2][status] POST https://cloudresourcemanager.googleapis.com/v1/projects/deskdazzle:testIamPermissions 200
[debug] [2026-07-23T11:16:10.501Z] <<< [apiv2][body] POST https://cloudresourcemanager.googleapis.com/v1/projects/deskdazzle:testIamPermissions {"permissions":["firebase.projects.get","firebasedatabase.instances.update","firebasehosting.sites.update"]}
[debug] [2026-07-23T11:16:10.501Z] Checked if tokens are valid: true, expires at: 1784808968190
[debug] [2026-07-23T11:16:10.501Z] Checked if tokens are valid: true, expires at: 1784808968190
[debug] [2026-07-23T11:16:10.501Z] >>> [apiv2][query] GET https://firebase.googleapis.com/v1beta1/projects/deskdazzle [none]
[debug] [2026-07-23T11:16:10.978Z] <<< [apiv2][status] GET https://firebase.googleapis.com/v1beta1/projects/deskdazzle 200
[debug] [2026-07-23T11:16:10.978Z] <<< [apiv2][body] GET https://firebase.googleapis.com/v1beta1/projects/deskdazzle {"projectId":"deskdazzle","projectNumber":"428181540252","displayName":"DeskDazzle","name":"projects/deskdazzle","resources":{"hostingSite":"deskdazzle","realtimeDatabaseInstance":"deskdazzle-default-rtdb"},"state":"ACTIVE","labels":{"firebase":"enabled"},"etag":"1_a3939f79-d745-4a6a-a2eb-0b4339663764"}
[debug] [2026-07-23T11:16:10.978Z] Checked if tokens are valid: true, expires at: 1784808968190
[debug] [2026-07-23T11:16:10.978Z] Checked if tokens are valid: true, expires at: 1784808968190
[debug] [2026-07-23T11:16:10.979Z] >>> [apiv2][query] GET https://firebase.googleapis.com/v1beta1/projects/deskdazzle [none]
[debug] [2026-07-23T11:16:11.605Z] <<< [apiv2][status] GET https://firebase.googleapis.com/v1beta1/projects/deskdazzle 200
[debug] [2026-07-23T11:16:11.605Z] <<< [apiv2][body] GET https://firebase.googleapis.com/v1beta1/projects/deskdazzle {"projectId":"deskdazzle","projectNumber":"428181540252","displayName":"DeskDazzle","name":"projects/deskdazzle","resources":{"hostingSite":"deskdazzle","realtimeDatabaseInstance":"deskdazzle-default-rtdb"},"state":"ACTIVE","labels":{"firebase":"enabled"},"etag":"1_a3939f79-d745-4a6a-a2eb-0b4339663764"}
[info] 
[info] === Deploying to 'deskdazzle'...
[info] 
[info] i  deploying database, hosting 
[info] i  database: checking rules syntax... 
[debug] [2026-07-23T11:16:11.608Z] Checked if tokens are valid: true, expires at: 1784808968190
[debug] [2026-07-23T11:16:11.608Z] Checked if tokens are valid: true, expires at: 1784808968190
[debug] [2026-07-23T11:16:11.608Z] >>> [apiv2][query] GET https://firebasedatabase.googleapis.com/v1beta/projects/deskdazzle/locations/-/instances/deskdazzle-default-rtdb [none]
[debug] [2026-07-23T11:16:13.380Z] <<< [apiv2][status] GET https://firebasedatabase.googleapis.com/v1beta/projects/deskdazzle/locations/-/instances/deskdazzle-default-rtdb 200
[debug] [2026-07-23T11:16:13.380Z] <<< [apiv2][body] GET https://firebasedatabase.googleapis.com/v1beta/projects/deskdazzle/locations/-/instances/deskdazzle-default-rtdb {"name":"projects/428181540252/locations/us-central1/instances/deskdazzle-default-rtdb","project":"projects/428181540252","databaseUrl":"https://deskdazzle-default-rtdb.firebaseio.com","type":"DEFAULT_DATABASE","state":"ACTIVE"}
[debug] [2026-07-23T11:16:13.381Z] Checked if tokens are valid: true, expires at: 1784808968190
[debug] [2026-07-23T11:16:13.381Z] Checked if tokens are valid: true, expires at: 1784808968190
[debug] [2026-07-23T11:16:13.381Z] >>> [apiv2][query] PUT https://deskdazzle-default-rtdb.firebaseio.com/.settings/rules.json dryRun=true
[debug] [2026-07-23T11:16:13.381Z] >>> [apiv2][body] PUT https://deskdazzle-default-rtdb.firebaseio.com/.settings/rules.json "{\n  \"rules\": {\n    \"users\": {\n      \"$uid\": {\n        \".read\": \"auth != null && auth.uid === $uid\",\n        \".write\": \"auth != null && auth.uid === $uid\",\n\n        \"profile\": {\n          \"displayName\": { \".validate\": \"newData.isString() && newData.val().length <= 256\" },\n          \"email\": { \".validate\": \"newData.isString() && newData.val().length <= 320\" },\n          \"photoURL\": { \".validate\": \"newData.isString() && newData.val().length <= 2048\" },\n          \"lastLogin\": { \".validate\": \"newData.isNumber()\" },\n          \"$other\": { \".validate\": false }\n        },\n\n        \"theme\": { \".validate\": \"newData.isBoolean()\" },\n        \"todos\": { \".validate\": \"newData.hasChildren() || !newData.exists()\" },\n        \"desktop\": { \".validate\": \"newData.hasChildren() || !newData.exists()\" },\n        \"projects\": { \".validate\": \"newData.hasChildren() || !newData.exists()\" },\n\n        \"stores\": {\n          \"$name\": {\n            \"json\": { \".validate\": \"newData.isString() && newData.val().length <= 921600\" },\n            \"updatedMs\": { \".validate\": \"newData.isNumber()\" },\n            \"$other\": { \".validate\": false }\n          }\n        },\n\n        \"workspaces\": {\n          \"$ws\": {\n            \"data\": {\n              \"theme\": { \".validate\": \"newData.isBoolean()\" },\n              \"todos\": { \".validate\": \"newData.hasChildren() || !newData.exists()\" },\n              \"desktop\": { \".validate\": \"newData.hasChildren() || !newData.exists()\" },\n              \"projects\": { \".validate\": \"newData.hasChildren() || !newData.exists()\" },\n              \"$other\": { \".validate\": false }\n            },\n            \"stores\": {\n              \"$name\": {\n                \"json\": { \".validate\": \"newData.isString() && newData.val().length <= 921600\" },\n                \"updatedMs\": { \".validate\": \"newData.isNumber()\" },\n                \"$other\": { \".validate\": false }\n              }\n            },\n            \"$other\": { \".validate\": false }\n          }\n        },\n\n        \"$other\": { \".validate\": false }\n      }\n    }\n  }\n}\n"
[debug] [2026-07-23T11:16:14.110Z] <<< [apiv2][status] PUT https://deskdazzle-default-rtdb.firebaseio.com/.settings/rules.json 200
[debug] [2026-07-23T11:16:14.110Z] <<< [apiv2][body] PUT https://deskdazzle-default-rtdb.firebaseio.com/.settings/rules.json {"status":"ok"}
[info] ✔  database: rules syntax for database deskdazzle-default-rtdb is valid 
[debug] [2026-07-23T11:16:14.111Z] Checked if tokens are valid: true, expires at: 1784808968190
[debug] [2026-07-23T11:16:14.111Z] Checked if tokens are valid: true, expires at: 1784808968190
[debug] [2026-07-23T11:16:14.111Z] >>> [apiv2][query] GET https://firebasehosting.googleapis.com/v1beta1/projects/deskdazzle/sites/deskdazzle [none]
[debug] [2026-07-23T11:16:15.260Z] <<< [apiv2][status] GET https://firebasehosting.googleapis.com/v1beta1/projects/deskdazzle/sites/deskdazzle 200
[debug] [2026-07-23T11:16:15.260Z] <<< [apiv2][body] GET https://firebasehosting.googleapis.com/v1beta1/projects/deskdazzle/sites/deskdazzle {"name":"projects/deskdazzle/sites/deskdazzle","defaultUrl":"https://deskdazzle.web.app","type":"DEFAULT_SITE"}
[debug] [2026-07-23T11:16:15.261Z] Checked if tokens are valid: true, expires at: 1784808968190
[debug] [2026-07-23T11:16:15.261Z] Checked if tokens are valid: true, expires at: 1784808968190
[debug] [2026-07-23T11:16:15.261Z] >>> [apiv2][query] POST https://firebasehosting.googleapis.com/v1beta1/projects/-/sites/deskdazzle/versions [none]
[debug] [2026-07-23T11:16:15.261Z] >>> [apiv2][body] POST https://firebasehosting.googleapis.com/v1beta1/projects/-/sites/deskdazzle/versions {"status":"CREATED","labels":{"deployment-tool":"cli-firebase"}}
[debug] [2026-07-23T11:16:16.409Z] <<< [apiv2][status] POST https://firebasehosting.googleapis.com/v1beta1/projects/-/sites/deskdazzle/versions 200
[debug] [2026-07-23T11:16:16.410Z] <<< [apiv2][body] POST https://firebasehosting.googleapis.com/v1beta1/projects/-/sites/deskdazzle/versions {"name":"projects/428181540252/sites/deskdazzle/versions/9ccf639b424746c8","status":"CREATED","config":{},"labels":{"deployment-tool":"cli-firebase"}}
[info] i  hosting[deskdazzle]: beginning deploy... 
[info] i  hosting[deskdazzle]: found 84 files in dist 
[debug] [2026-07-23T11:16:16.423Z] [hosting] uploading with 200 concurrency
[debug] [2026-07-23T11:16:16.626Z] Checked if tokens are valid: true, expires at: 1784808968190
[debug] [2026-07-23T11:16:16.627Z] Checked if tokens are valid: true, expires at: 1784808968190
[debug] [2026-07-23T11:16:16.627Z] [hosting] hash cache [ZGlzdA] stored for 84 files
[debug] [2026-07-23T11:16:16.627Z] [hosting][hash queue][FINAL] {"max":192,"min":31,"avg":56.71428571428572,"active":0,"complete":84,"success":84,"errored":0,"retried":0,"total":84,"elapsed":199}
[debug] [2026-07-23T11:16:16.627Z] >>> [apiv2][query] POST https://firebasehosting.googleapis.com/v1beta1/projects/428181540252/sites/deskdazzle/versions/9ccf639b424746c8:populateFiles [none]
[debug] [2026-07-23T11:16:16.628Z] >>> [apiv2][body] POST https://firebasehosting.googleapis.com/v1beta1/projects/428181540252/sites/deskdazzle/versions/9ccf639b424746c8:populateFiles {"files":{"/robots.txt":"2544ca049f223a42bff01f72ad930a5edba75bbb7199d0f8430a02ff5aca16ec","/workbox-2fbc6a65.js":"3473805f4c4eb7c7e51a5e21a8816bb5570e87dd41169cf481f1c2414c9556a4","/manifest.webmanifest":"21bce1841e2817b453ace7bf1b111e8fae4b03e502b9519b9f5a4caf5a829e3e","/logo192.png":"c00a6952abbe5c16d7e4b80116328565c71c6bc4bf798affeb145de49727954d","/sw.js":"be4e576afe49557656ea89986d7b9bf6167d82bbb922f855ffc9b44539026e47","/index.html":"f1f96f40a2457bb7b8b29b39fe971a601852621b81eccd159f6b967578e90bc0","/assets/workbox-window.prod.es5-Bd17z0YL.js":"d773d367f6bd76bc3c7d4f7fb0bf349bd2e9898610ee0827dd426a9aee1c6531","/assets/volume-2-C7JPD06h.js":"c6e9b80581346f084341ca44d5c0612c4bf6bd5b47f12c71c62d0a7f6725e741","/favicon.ico":"03d4c3a72b8212007b145dd14170bfc9a02c79f8a3b378484d8511178ec29009","/assets/undo-2-DKlGpDg7.js":"fa1acdad77ce83e96329f0dc6e8f9aa8b05fbcfd5647164143f9c265221cb6db","/assets/underline-DKY8P0pw.js":"b241fbd8d5d4c470aec07e157a73e00e53c86dd4c7d19643b3c336f262a17208","/assets/share-2-Cxzcfzo7.js":"1566f6b2b3a52f15671747308638cf7de7327fe90fc45425848e6a084652afef","/assets/table-aYE1NPdb.js":"6f544b9412803275ab3abe84a8d4e49c355f4d5b0925d5901c7e5fa9243f83da","/assets/preload-helper-zJ_50EbN.js":"98c7fb6bfb9695e8b1bb33900b6435f16313b6d488f72993e827a5f17b10bee2","/assets/react-dom-DUKFG4MT.js":"fde08c48817458d567860abd4d2a3ba595458f0f261dcbd2abad710ecd721233","/assets/utils-B6KiDbIe.js":"94b9a0acd43a2da25d86fc2f7bd56f4da1a444299749145dadfcebf72c0ca1ad","/assets/pdfShared-C73So36C.js":"ed385400a8927ab910f0225df6912004840acc65d583fc3618293a3e15564f81","/assets/pdf.worker.min-BjVQVX8e.js":"6dddacc638424da68cabac0ca35618d146f95ed6e67f2d9bca620efbcb851398","/assets/openWith-BNrzprSE.js":"4fcbae0f8ad1c55c073a7f87d7cfba611f1a0250f672927b3f0ef99497d1a9b0","/assets/monitor-Btwd2NgF.js":"af35de4894bdffe39141c3ebf378b4450833354b29e2fdd562869798741963b2","/assets/list-BSK1DJ9t.js":"f5660019ae7694ecd11371d24c96c879b76966864477d2ed08f41db55598edcf","/assets/jsx-runtime-bzQ4Vb5N.js":"6acfcd80c9e8a30f3b9e53c4a4689d59398c95c281ce2a34c20ef23c80dcab40","/assets/images-3_pywQ4p.js":"bb8860ccef1c7e14490265989ad045110ffc7d7b1c9a169e13c4bf0a09f4b9a4","/assets/file-down-R8oAivUa.js":"b0145333f31aa7d850827a699a52fbf1ae0cfd63e06a67a96825b4fe321abc14","/assets/file-archive-CH3roDmq.js":"cd813a41cebc1fc70146300b4524c0bdf419dc0594b4e53faf775dd155bac4f8","/assets/eye-8j6CTk1Z.js":"1e265062fc4e5d42ba6ffe14f52879f37242e5f9fb768fa45b5b4528a87dba80","/assets/dist-Di1vvA8l.js":"a44939fbf515c49ca79ba4df93d6cee790823a0c03a212ee6bebb2f672f4cd3c","/assets/dist-B9LXb_Sg.js":"e0221471d0abba72af2bad7685a1d18f706bce2d744b979a3ba82c56eb4efcf1","/assets/createLucideIcon-Cgab8gqu.js":"0a5c5ec51f1d976662f01482759b99fd60479d619b79f467640f7b19f035946f","/assets/dist-CoffCJQX.js":"eee1d53073e513446b6cd0bd69d1a4014ec88c573bd44f5e53242bdd7f1df57e","/assets/esm-B0x4j6rp.js":"cebf919038d6c89ba2f0725c5cbd8a958767dac3a5d9aaf5734be5415f8d6bb7","/assets/arrow-up-Dyqp_IVV.js":"554c0f1fefab1d376e33f60c355a4f3293520e2749086c191a0b9aeceb8b7e81","/assets/core.worker-ChY-_3fR.js":"5eb7a6156f54f2c61ede95c87fddff61ffc8ea9b22564873a248433b68158cee","/assets/button-_pQJmDzs.js":"21a465d61fb7690cccd0b402735d471bb840991c07239b67680aa07453f52202","/assets/arrow-left-right-CTAX9nI_.js":"e13191aa1d75b255b5a83c292d110fa31b3ae5f42a49718f2bd768bbcfa93c27","/assets/arrow-left-DJe1DAts.js":"fa2bf83a07eca3c31f7680bee46bd5c49f6a11eda0fa0f3a92cf537c07286dfe","/assets/chevron-down-B-EQdWbs.js":"6844e8b181b784ea332fd52434f09da69f4603a5355d041a072458d5a77150a5","/assets/WordProcessor-D-xuDTJy.js":"aa7c61875968f7d9cefaacad117f15c809546ea5e28153773b33aaee065aee20","/assets/WeatherApp-D9dx1xnm.js":"310d514f4bdd2d1438d379147cf2e64ec02f024811cc81b1a895cec1d261f477","/assets/WordApp--ukICs8v.js":"6c994d17c590c9813b678a7568a94144c0bc83e823684e396fd1d0a0f00006b4","/logo512.png":"b340293911d9cd381da8d3c56726114447795e694a0a9dfc3d91d0dd03ebc9ee","/assets/index-CHhQAsf5.css":"d36217918f985ff111ea22bf6d866fe1d4b2b2433d6a2244958392b71c2695fb","/assets/Vault-DCVjXXeQ.js":"cab4bc04f9f532ebdd0f9bfc265dc834f7e812b72d1bad3bfd8cffcd556e0184","/assets/TranslationTool-Ch79gBtX.js":"e19800c3e8881d17a1f6ae9e794da9f078906ca35e35cf8709c77fa71525eb50","/assets/ToolPage-C5EwtyHA.js":"956709c22263cdb0756a2d686d659e17832fe583be9dc7b022da34ebcf561d33","/assets/Today-C8adFBGY.js":"107138c11331dce3dc5fa4b9e13d4fd317e97e802b7a93712a5dd0f72c193421","/assets/ToDoList-Boum5UU5.js":"380a270cf04d5149552d403bd5d59eca13df68b69e1ccc3219cf6774c12d0b02","/assets/TextToSpeech-B0q2-dMB.js":"79b5fb5c95a76e089588bb343bd2370d9b7fdb4c2917eec7da3ca23e88983765","/assets/Spreadsheet-8u7Obwan.js":"23e26393033ff4322e1aa6ea431f1573eb3fbfd8cb2914b411a1111c59839bb3","/assets/Slides-CputoJf6.js":"96af21a120007f356648ade947b35fd93fee42b583229716b16024947fc6be6a","/assets/Settings-CLOmsucV.js":"8f6a6bbef5ee2057eb961a8351458ed0292789ac2cad5ab9b61db7d32bc66b58","/assets/Roadmap-vKsTFwX1.js":"3e52d323697d1de23784302a9ce417e9860c46494c5dd749f6e78f6d28f1aaa2","/assets/QRCodeGenerator-CEoTG6xK.js":"777384e05de44279a10c62eec69a6445c6e24574816575cf475771bca9158772","/assets/Privacy-C7fSpY9G.js":"878eaee10bcf0706e155ebd55e9ae89f3407f7122a59151a11af32f04cf9ce2d","/assets/Profile-DCNrdCju.js":"f7fa1fc89fdc1386caebcb247d671bb143dd008ec80b6e4fb2e2692f50c448aa","/assets/PdfTools-CvY1dLQt.js":"c77b14f21842fba4fb10157e91565d39e9e8176b164519c60ccba8127ff9d922","/assets/PptApp-Bz-fboKq.js":"b9eaae404750bac134aada0e83903a06c7be2adb4cbe7202f992fb2afe95d325","/assets/PdfApp-CKzQ8cPn.js":"571a2601dc4f21a3250538f0d97403fe1b975daa2e0b95725a9552a68fe4519e","/assets/NoteTaking-BnbaRDYv.js":"28dc5d3d360964cc59b2dd1fadd929c123d51c7f42887b6e66b99bda5111bc7a","/assets/MediaApp-DIIJndol.js":"3da2bf6b232f2c392716c0a7db57cf70d64c661d0dd3854422a46a9e94a696be","/assets/Home-4MPo8fZz.js":"a497310eeea65cab39c30a45d043476f085a24118b1dcb495fb7385bf7a03909","/assets/Flashcards-BoQeDxdq.js":"95eb52266249b9db04653b5d4780e7905f891bf584b96d69dff146ce3ce46fe7","/assets/DriveApp-Ckw2blxu.js":"257dd02b43d179689579dbeb02689efc9d79ec7e60191babdd1cd8a2ed9ec975","/assets/Drive-mK1iFKP3.js":"909c2df8306b6fb931ae640d1b447ad5b73d7cbaf0ee7b0fc86a0923904e23d4","/assets/Donate-D4f8iK13.js":"ce22eb02ac2be229d4b331ae695d018b698324d32a7f48fdbd7ee0bf28fe250e","/assets/Design-C8KkIKbB.css":"42faeec4835280529af87b7860ffaca9dd1e81183e02732f6725827b2551ccb8","/assets/Docs-DT5pFhP3.js":"36ba826a3e3166275c0c0e995dd5c097cbbc8ad8c8bb26334f94e8f6d853ce91","/assets/Images-BP11JSYp.js":"f3cc90cd4f346a77cfa80659453b90194466f8b43b054fd8d73d77dcdfb697db","/assets/Clock-Dl5EXxDx.js":"4bcadfbf3fa4aa23d07eb19c828f1367abadfe4cc5f610e3f0fa6dc0349164bd","/assets/Calender-Dqvt-fi1.js":"6a25f3cd7fbc5aedd0e781d464b8a57493c5ac3fcb206f51dab94dd63152b032","/assets/Calculator-CQ4nQ7Jr.js":"a1ab55e0c89ffec339a4ff75c3ba6bd4725dfeb8a9b8c59b0dafdc85be6abc00","/assets/BudgetTracker-FQ8P_Tac.js":"1646e6beb277a89eb11d18ff3db1f37c0d9e6a21cd65308131d609c20ff844cd","/assets/Apps-DuGJGHmr.js":"63bed3356ca678334a0e8bdf79b7f571db0ae16dd7aada779743073333b00d1f","/assets/Converters-BIwedMKq.js":"c59441cc78d8dd82c3113a5fa513f5234c5eaed3ad110f7965bc374093114374","/og-github-light.png":"5bd5083d0107b2ba7d850f9193100a04ba35b91536d980c3288a2a6889e75481","/assets/ExcelApp-CJme1vHR.js":"4cdd15785be0aab679911ef6d7d5810413aedf17bbab4a429da31a9a86aa1b42","/og-image.png":"6019210283c760e37087143587fb57bb65b988e9aeba07e8a4f4a4f2a1f4a3af","/og-github.png":"1d56f3f1cfbf415da725c7843c4bb884e4e0bbd6bd0da53281c73b1e2c55cc65","/assets/Design-B-jcxgp6.js":"c1a938036cc353eab581163c2a97f1226097d9603dee3db9ac72b6d1e53163bd","/assets/pdf-D2EBUXS6.js":"b5479a2acfbfb39c17aca786d24d220167b649e2c44de399c58bc916b8c2b68c","/assets/pocketknife_core_bg-DKS84UNT.wasm":"45cae9757c7977a8a4528da064ccb596a4e2f1c2dbd35971be2ba9da44c0f153","/assets/index-DocAoMFY.js":"ad410c11afd82c2d77db6e704fad70788122bb9e0105fa240d14239577c80ea8","/assets/pdf.worker.min-DEtVeC4l.mjs":"9c45bce71dfd4e51966f4ed42c1c951b4e38e1d19f282cc4734ab2261b076a39","/assets/office_core_bg-BLXufxuK.wasm":"a6c2da38464f6632c0ccf0cbdbc3bd9d89fdd1e27c057b299a038936ca8d642a"}}
